0.000000000000000000e+00 0.000000000000000000e+00
2.500000000000000052e-03 0.000000000000000000e+00
5.000000000000000104e-03 0.000000000000000000e+00
7.499999999999999722e-03 0.000000000000000000e+00
1.000000000000000021e-02 0.000000000000000000e+00
1.250000000000000069e-02 0.000000000000000000e+00
1.499999999999999944e-02 0.000000000000000000e+00
1.750000000000000167e-02 0.000000000000000000e+00
2.000000000000000042e-02 7.510593652296710321e-24
2.249999999999999917e-02 0.000000000000000000e+00
2.500000000000000139e-02 1.075528555105620399e-16
2.750000000000000014e-02 4.168540512772267448e-15
2.999999999999999889e-02 8.574982193121281326e-14
3.250000000000000111e-02 1.293017776182736611e-12
3.500000000000000333e-02 1.504909044602875667e-11
3.749999999999999861e-02 1.401435755638003045e-10
4.000000000000000083e-02 1.074099025062244661e-09
4.250000000000000305e-02 6.927597323916345751e-09
4.499999999999999833e-02 3.827616055010474305e-08
4.750000000000000056e-02 1.838071653267187022e-07
5.000000000000000278e-02 7.762963656070827332e-07
5.249999999999999806e-02 2.911766068612597902e-06
5.500000000000000028e-02 9.777681266618515332e-06
5.750000000000000250e-02 2.958853143887607562e-05
5.999999999999999778e-02 8.112022910555101408e-05
6.250000000000000000e-02 2.023333564074563523e-04
6.500000000000000222e-02 4.605550304569785980e-04
6.750000000000000444e-02 9.586032645095884236e-04
7.000000000000000666e-02 1.825959099221607105e-03
7.249999999999999500e-02 3.181118207713022270e-03
7.499999999999999722e-02 5.056567102422169363e-03
7.749999999999999944e-02 7.296768729616475227e-03
8.000000000000000167e-02 9.470605879886058107e-03
8.250000000000000389e-02 1.086869464319482025e-02
8.500000000000000611e-02 1.065685166535510625e-02
8.750000000000000833e-02 8.205397700233985070e-03
8.999999999999999667e-02 3.511133398425123238e-03
9.249999999999999889e-02 -2.489358371804690009e-03
9.500000000000000111e-02 -7.966159604561439539e-03
9.750000000000000333e-02 -1.075547417361202331e-02
