0.000000000000000000e+00 0.000000000000000000e+00
5.000000000000000104e-03 3.406962212348929597e-13
1.000000000000000021e-02 1.521313977570493137e-11
1.499999999999999944e-02 3.303949180216703141e-10
2.000000000000000042e-02 4.646135372265991492e-09
2.500000000000000139e-02 4.751160251510733179e-08
2.999999999999999889e-02 3.761206631806846001e-07
3.500000000000000333e-02 2.395551478380844590e-06
4.000000000000000083e-02 1.259197693769149862e-05
4.499999999999999833e-02 5.558284032321225698e-05
5.000000000000000278e-02 2.084820312406622522e-04
5.500000000000000028e-02 6.694612153454165132e-04
5.999999999999999778e-02 1.847163198801897444e-03
6.500000000000000222e-02 4.378124208638910567e-03
7.000000000000000666e-02 8.867665110097313480e-03
7.499999999999999722e-02 1.515360880429020458e-02
8.000000000000000167e-02 2.126036597176029358e-02
8.500000000000000611e-02 2.297861662480434053e-02
8.999999999999999667e-02 1.551352276804994837e-02
9.500000000000000111e-02 -2.360873224544745089e-03
1.000000000000000056e-01 -2.412180616520450543e-02
1.049999999999999961e-01 -3.628655956287690776e-02
1.100000000000000006e-01 -2.705208750982245405e-02
1.150000000000000050e-01 2.054255934952372090e-03
1.199999999999999956e-01 3.288863230793455383e-02
1.250000000000000000e-01 4.265507393375677497e-02
1.300000000000000044e-01 2.288555444043042716e-02
1.350000000000000089e-01 -1.278294923533274986e-02
1.400000000000000133e-01 -4.050749699731567843e-02
1.449999999999999900e-01 -4.537726471846342119e-02
1.499999999999999944e-01 -2.882427350584554696e-02
1.549999999999999989e-01 -1.625099677817347030e-03
1.600000000000000033e-01 2.420445575369738894e-02
1.650000000000000078e-01 3.730565288184749945e-02
1.700000000000000122e-01 2.981446198856731525e-02
1.750000000000000167e-01 4.945509591220071874e-03
1.799999999999999933e-01 -2.147832620304791079e-02
1.849999999999999978e-01 -3.303476843856661266e-02
1.900000000000000022e-01 -2.588853640343239185e-02
1.950000000000000067e-01 -7.869097672005468877e-03
