0.000000000000000000e+00 0.000000000000000000e+00
5.000000000000000104e-03 1.457167719820517959e-16
1.000000000000000021e-02 6.221655135529857716e-13
1.499999999999999944e-02 4.102584990478552740e-10
2.000000000000000042e-02 6.092899819398756023e-08
2.500000000000000139e-02 3.606552864488313248e-06
2.999999999999999889e-02 1.079329225198190356e-04
3.500000000000000333e-02 1.703920633523975728e-03
4.000000000000000083e-02 8.365612841196450739e-03
4.499999999999999833e-02 1.965188114795411722e-02
5.000000000000000278e-02 2.974335372477108358e-02
5.500000000000000028e-02 2.241086290222475685e-02
5.999999999999999778e-02 -5.657346551143197649e-03
6.500000000000000222e-02 -2.816797843323009393e-02
7.000000000000000666e-02 -3.056576140370796668e-02
7.499999999999999722e-02 -1.758060597743143355e-02
8.000000000000000167e-02 3.259568725556774831e-03
8.500000000000000611e-02 2.689062279927742494e-02
8.999999999999999667e-02 3.276438877937200983e-02
9.500000000000000111e-02 1.670154760425260343e-02
1.000000000000000056e-01 -4.601778801045914441e-03
1.049999999999999961e-01 -2.551559525465991324e-02
1.100000000000000006e-01 -3.367402125902274612e-02
1.150000000000000050e-01 -2.124963786750482669e-02
1.199999999999999956e-01 -3.038174477941940621e-03
1.250000000000000000e-01 9.948543611420187713e-03
1.300000000000000044e-01 1.134144594882031606e-02
1.350000000000000089e-01 -2.583062367300362552e-03
1.400000000000000133e-01 -1.111893951402850855e-02
1.449999999999999900e-01 -8.919936457098950541e-03
1.499999999999999944e-01 -1.413706619563925154e-03
1.549999999999999989e-01 6.639918695111388450e-03
1.600000000000000033e-01 7.336201839821469839e-03
1.650000000000000078e-01 4.475365538797694206e-03
1.700000000000000122e-01 4.211172871806227042e-03
1.750000000000000167e-01 -4.453351877714605347e-03
1.799999999999999933e-01 -8.477822768638100526e-03
1.849999999999999978e-01 -5.185711024145027090e-03
1.900000000000000022e-01 -1.343317697804231187e-03
1.950000000000000067e-01 9.004168641112227436e-03
