0.000000000000000000e+00 0.000000000000000000e+00
5.000000000000000104e-03 2.085588646227876097e-13
1.000000000000000021e-02 9.452608834559228512e-12
1.499999999999999944e-02 2.084896682380543709e-10
2.000000000000000042e-02 2.979501444178023206e-09
2.500000000000000139e-02 3.098651234385851883e-08
2.999999999999999889e-02 2.496831682623212867e-07
3.500000000000000333e-02 1.620257480622680490e-06
4.000000000000000083e-02 8.687467851625774173e-06
4.499999999999999833e-02 3.917116286221607180e-05
5.000000000000000278e-02 1.503362306692485051e-04
5.500000000000000028e-02 4.950221066418476062e-04
5.999999999999999778e-02 1.404506869813904740e-03
6.500000000000000222e-02 3.436170002506807805e-03
7.000000000000000666e-02 7.223273766611630620e-03
7.499999999999999722e-02 1.292066998341899996e-02
8.000000000000000167e-02 1.926537247641283215e-02
8.500000000000000611e-02 2.288753396023578135e-02
8.999999999999999667e-02 1.912998359492686096e-02
9.500000000000000111e-02 5.236071601363039354e-03
1.000000000000000056e-01 -1.540604395737976348e-02
1.049999999999999961e-01 -3.198561439790708477e-02
1.100000000000000006e-01 -3.175135902605955712e-02
1.150000000000000050e-01 -1.056686877702295822e-02
1.199999999999999956e-01 2.022237624605077722e-02
1.250000000000000000e-01 3.942254144974357416e-02
1.300000000000000044e-01 3.218155481884961422e-02
1.350000000000000089e-01 2.664411844912775371e-03
1.400000000000000133e-01 -2.938443542089735905e-02
1.449999999999999900e-01 -4.471102342694654314e-02
1.499999999999999944e-01 -3.726653498704772527e-02
1.549999999999999989e-01 -1.387904736388899905e-02
1.600000000000000033e-01 1.322213669056038210e-02
1.650000000000000078e-01 3.159863283412043394e-02
1.700000000000000122e-01 3.190721109921679233e-02
1.750000000000000167e-01 1.349971467582422417e-02
1.799999999999999933e-01 -1.225780791160791666e-02
1.849999999999999978e-01 -2.881694663032628029e-02
1.900000000000000022e-01 -2.717377314898096474e-02
1.950000000000000067e-01 -1.110984295384113453e-02
