0.005 1.82171e-11 4.25066e-11 4.26613e-10
0.01 1.82171e-11 4.25066e-11 2.30667e-09
0.015 1.82171e-11 4.25066e-11 5.68297e-09
0.02 1.82171e-11 4.25066e-11 8.84912e-09
0.025 1.82171e-11 4.25066e-11 9.90322e-09
0.03 1.82171e-11 4.25066e-11 7.19277e-09
0.035 1.82171e-11 4.25066e-11 -1.01146e-09
0.04 1.82171e-11 4.25066e-11 -1.63844e-08
0.045 1.82171e-11 4.25066e-11 -4.0439e-08
0.05 1.82171e-11 4.25066e-11 -7.32476e-08
0.055 1.82171e-11 4.25066e-11 -1.13335e-07
0.06 1.82171e-11 4.25066e-11 -1.60178e-07
0.065 1.82171e-11 4.25066e-11 -2.17161e-07
0.07 1.82171e-11 4.25066e-11 -2.93961e-07
0.075 1.82171e-11 4.25066e-11 -4.04842e-07
0.08 1.82171e-11 4.25066e-11 -5.61822e-07
0.085 1.82171e-11 4.25066e-11 -7.66233e-07
0.09 1.82171e-11 4.25066e-11 -1.00122e-06
0.095 1.82171e-11 4.25066e-11 -1.22988e-06
0.1 1.82171e-11 4.25066e-11 -1.40108e-06
0.105 1.82171e-11 4.25066e-11 -1.46029e-06
0.11 1.82171e-11 4.25066e-11 -1.36339e-06
0.115 1.82171e-11 4.25066e-11 -1.08821e-06
0.12 1.82171e-11 4.25066e-11 -6.40222e-07
0.125 1.82171e-11 4.25066e-11 -5.29936e-08
0.13 1.82171e-11 4.25066e-11 6.16074e-07
0.135 1.82171e-11 4.25066e-11 1.29032e-06
0.14 1.82171e-11 4.25066e-11 1.8755e-06
0.145 1.82171e-11 4.25066e-11 2.26016e-06
0.15 1.82171e-11 4.25066e-11 2.31681e-06
0.155 1.82171e-11 4.25066e-11 1.91024e-06
0.16 1.82171e-11 4.25066e-11 9.17314e-07
0.165 1.82171e-11 4.25066e-11 -7.44423e-07
0.17 1.82171e-11 4.25066e-11 -3.08414e-06
0.175 1.82171e-11 4.25066e-11 -6.0118e-06
0.18 1.82171e-11 4.25066e-11 -9.32751e-06
0.185 1.82171e-11 4.25066e-11 -1.2728e-05
0.19 1.82171e-11 4.25066e-11 -1.58288e-05
0.195 1.82171e-11 4.25066e-11 -1.81949e-05
0.2 1.82171e-11 4.25066e-11 -1.93743e-05
