0.005 -1.95999e-13
0.01 -5.26894e-13
0.015 -8.25863e-13
0.02 -1.09724e-12
0.025 -1.34467e-12
0.03 -1.57121e-12
0.035 -1.77946e-12
0.04 -1.97161e-12
0.045 -2.14953e-12
0.05 -2.31483e-12
0.055 -2.46888e-12
0.06 -2.61287e-12
0.065 -2.74783e-12
0.07 -2.87463e-12
0.075 -2.99407e-12
0.08 -3.10682e-12
0.085 -3.21347e-12
0.09 -3.31456e-12
0.095 -3.41055e-12
0.1 -3.50186e-12
0.105 -3.58885e-12
0.11 -3.67186e-12
0.115 -3.75118e-12
0.12 -3.82708e-12
0.125 -3.89981e-12
0.13 -3.96957e-12
0.135 -4.03658e-12
0.14 -4.101e-12
0.145 -4.16299e-12
0.15 -4.22271e-12
0.155 -4.2803e-12
0.16 -4.33588e-12
0.165 -4.38957e-12
0.17 -4.44148e-12
0.175 -4.4917e-12
0.18 -4.54033e-12
0.185 -4.58747e-12
0.19 -4.63316e-12
0.195 -4.67749e-12
0.2 -4.72051e-12
