0.005 -1.32349e-23 4.625e-16 -2.42523e-12
0.01 -5.29396e-23 4.625e-16 -1.80399e-11
0.015 1.05879e-22 4.625e-16 -6.22914e-11
0.02 -2.11758e-22 4.625e-16 -1.34093e-10
0.025 4.23516e-22 4.625e-16 -2.02669e-10
0.03 0 4.625e-16 -2.25382e-10
0.035 0 4.625e-16 -1.81963e-10
0.04 -4.23516e-22 4.625e-16 -9.59027e-11
0.045 4.23516e-22 4.625e-16 -2.21532e-11
0.05 -4.23516e-22 4.625e-16 -8.78612e-12
0.055 0 4.625e-16 -6.48942e-11
0.06 0 4.625e-16 -1.55776e-10
0.065 8.47033e-22 4.625e-16 -2.261e-10
0.07 0 4.625e-16 -2.33639e-10
0.075 0 4.625e-16 -1.70046e-10
0.08 8.47033e-22 4.625e-16 -6.27906e-11
0.085 8.47033e-22 4.625e-16 3.84145e-11
0.09 0 4.625e-16 8.42095e-11
0.095 1.69407e-21 4.625e-16 4.71152e-11
0.1 0 4.625e-16 -6.27016e-11
0.105 0 4.625e-16 -1.96585e-10
0.11 0 4.625e-16 -2.88633e-10
0.115 0 4.625e-16 -2.90362e-10
0.12 0 4.625e-16 -2.02234e-10
0.125 0 4.625e-16 -7.93035e-11
0.13 0 4.625e-16 -8.35655e-13
0.135 0 4.625e-16 -2.18629e-11
0.14 0 4.625e-16 -1.35438e-10
0.145 0 4.625e-16 -2.72594e-10
0.15 0 4.625e-16 -3.43969e-10
0.155 0 4.625e-16 -2.95252e-10
0.16 -1.69407e-21 4.625e-16 -1.42914e-10
0.165 0 4.625e-16 3.34432e-11
0.17 0 4.625e-16 1.38946e-10
0.175 -1.69407e-21 4.625e-16 1.19202e-10
0.18 1.69407e-21 4.625e-16 -8.39404e-12
0.185 0 4.625e-16 -1.66952e-10
0.19 0 4.625e-16 -2.69225e-10
0.195 0 4.625e-16 -2.73414e-10
0.2 0 4.625e-16 -2.11565e-10
