0.005 -2.09171e-13
0.01 -5.73805e-13
0.015 -9.30455e-13
0.02 -1.27925e-12
0.025 -1.62036e-12
0.03 -1.95402e-12
0.035 -2.28047e-12
0.04 -2.59997e-12
0.045 -2.91278e-12
0.05 -3.21918e-12
0.055 -3.51944e-12
0.06 -3.81382e-12
0.065 -4.10259e-12
0.07 -4.38597e-12
0.075 -4.66422e-12
0.08 -4.93756e-12
0.085 -5.20619e-12
0.09 -5.47033e-12
0.095 -5.73016e-12
0.1 -5.9859e-12
0.105 -6.23769e-12
0.11 -6.48568e-12
0.115 -6.73005e-12
0.12 -6.97093e-12
0.125 -7.20846e-12
0.13 -7.44277e-12
0.135 -7.67399e-12
0.14 -7.90222e-12
0.145 -8.12759e-12
0.15 -8.35019e-12
0.155 -8.57013e-12
0.16 -8.78749e-12
0.165 -9.00237e-12
0.17 -9.21483e-12
0.175 -9.42496e-12
0.18 -9.63284e-12
0.185 -9.83853e-12
0.19 -1.00421e-11
0.195 -1.02436e-11
0.2 -1.04431e-11
