0.005 -0.0100002
0.01 -0.0200006
0.015 -0.0100009
0.02 -4.15707e-07
0.025 0.0100006
0.03 0.0200014
0.035 0.0100014
0.04 5.4319e-07
0.045 -0.0100006
0.05 -0.0200012
0.055 -0.010001
0.06 -4.27785e-08
0.065 0.0100009
0.07 0.0200015
0.075 0.0100013
0.08 3.70319e-07
0.085 -0.0100009
0.09 -0.0200019
0.095 -0.0100021
0.1 -1.1878e-06
0.105 0.0100005
0.11 0.020002
0.115 0.0100026
0.12 1.81122e-06
0.125 -0.00999991
0.13 -0.0200015
0.135 -0.0100019
0.14 -7.08676e-07
0.145 0.0100012
0.15 0.0200028
0.155 0.0100029
0.16 1.29524e-06
0.165 -0.010001
0.17 -0.0200027
0.175 -0.010003
0.18 -1.64769e-06
0.185 0.0100004
0.19 0.0200021
0.195 2.24805e-06
0.2 1.07435e-06
