0.005 -2.64698e-23 2.30556e-16 4.30719e-13
0.01 0 2.30556e-16 2.32887e-12
0.015 0 2.30556e-16 5.73766e-12
0.02 -6.35275e-22 2.30556e-16 8.93429e-12
0.025 0 2.30556e-16 9.99853e-12
0.03 -4.23516e-22 2.30556e-16 7.26199e-12
0.035 8.47033e-22 2.30556e-16 -1.0212e-12
0.04 -4.23516e-22 2.30556e-16 -1.65421e-11
0.045 4.23516e-22 2.30556e-16 -4.08282e-11
0.05 -4.23516e-22 2.30556e-16 -7.39525e-11
0.055 -8.47033e-22 2.30556e-16 -1.14425e-10
0.06 -8.47033e-22 2.30556e-16 -1.61719e-10
0.065 -8.47033e-22 2.30556e-16 -2.19251e-10
0.07 0 2.30556e-16 -2.9679e-10
0.075 0 2.30556e-16 -4.08738e-10
0.08 0 2.30556e-16 -5.67229e-10
0.085 -8.47033e-22 2.30556e-16 -7.73607e-10
0.09 -8.47033e-22 2.30556e-16 -1.01086e-09
0.095 -1.69407e-21 2.30555e-16 -1.24172e-09
0.1 1.69407e-21 2.30555e-16 -1.41457e-09
0.105 -1.69407e-21 2.30555e-16 -1.47435e-09
0.11 0 2.30555e-16 -1.37651e-09
0.115 -1.69407e-21 2.30555e-16 -1.09868e-09
0.12 0 2.30555e-16 -6.46383e-10
0.125 -1.69407e-21 2.30555e-16 -5.35036e-11
0.13 -1.69407e-21 2.30556e-16 6.22004e-10
0.135 0 2.30556e-16 1.30273e-09
0.14 -1.69407e-21 2.30556e-16 1.89354e-09
0.145 -1.69407e-21 2.30556e-16 2.28191e-09
0.15 -1.69407e-21 2.30556e-16 2.33911e-09
0.155 -1.69407e-21 2.30556e-16 1.92863e-09
0.16 0 2.30556e-16 9.26142e-10
0.165 1.69407e-21 2.30556e-16 -7.51587e-10
0.17 -3.38813e-21 2.30556e-16 -3.11382e-09
0.175 0 2.30556e-16 -6.06966e-09
0.18 -1.69407e-21 2.30556e-16 -9.41728e-09
0.185 -1.69407e-21 2.30555e-16 -1.28505e-08
0.19 0 2.30555e-16 -1.59811e-08
0.195 0 2.30554e-16 -1.837e-08
0.2 -3.38813e-21 2.30554e-16 -1.95607e-08
