0.005 4.35717e-11 1.01667e-10 -1.07706e-08
0.01 4.35717e-11 1.01667e-10 -8.01164e-08
0.015 4.35717e-11 1.01667e-10 -2.7664e-07
0.02 4.35717e-11 1.01667e-10 -5.95513e-07
0.025 4.35717e-11 1.01667e-10 -9.00066e-07
0.03 4.35717e-11 1.01667e-10 -1.00094e-06
0.035 4.35717e-11 1.01667e-10 -8.08107e-07
0.04 4.35717e-11 1.01667e-10 -4.25909e-07
0.045 4.35717e-11 1.01667e-10 -9.83834e-08
0.05 4.35717e-11 1.01667e-10 -3.90197e-08
0.055 4.35717e-11 1.01667e-10 -2.88199e-07
0.06 4.35717e-11 1.01667e-10 -6.91808e-07
0.065 4.35717e-11 1.01667e-10 -1.00412e-06
0.07 4.35717e-11 1.01667e-10 -1.0376e-06
0.075 4.35717e-11 1.01667e-10 -7.55181e-07
0.08 4.35717e-11 1.01667e-10 -2.78857e-07
0.085 4.35717e-11 1.01667e-10 1.70601e-07
0.09 4.35717e-11 1.01667e-10 3.73979e-07
0.095 4.35717e-11 1.01667e-10 2.09241e-07
0.1 4.35717e-11 1.01667e-10 -2.78461e-07
0.105 4.35717e-11 1.01667e-10 -8.73045e-07
0.11 4.35717e-11 1.01667e-10 -1.28184e-06
0.115 4.35717e-11 1.01667e-10 -1.28952e-06
0.12 4.35717e-11 1.01667e-10 -8.98133e-07
0.125 4.35717e-11 1.01667e-10 -3.52191e-07
0.13 4.35717e-11 1.01667e-10 -3.71119e-09
0.135 4.35717e-11 1.01667e-10 -9.70944e-08
0.14 4.35717e-11 1.01667e-10 -6.01489e-07
0.145 4.35717e-11 1.01667e-10 -1.2106e-06
0.15 4.35717e-11 1.01667e-10 -1.52759e-06
0.155 4.35717e-11 1.01667e-10 -1.31123e-06
0.16 4.35717e-11 1.01667e-10 -6.3469e-07
0.165 4.35717e-11 1.01667e-10 1.48523e-07
0.17 4.35717e-11 1.01667e-10 6.17067e-07
0.175 4.35717e-11 1.01667e-10 5.29381e-07
0.18 4.35717e-11 1.01667e-10 -3.72784e-08
0.185 4.35717e-11 1.01667e-10 -7.41444e-07
0.19 4.35717e-11 1.01667e-10 -1.19564e-06
0.195 4.35717e-11 1.01667e-10 -1.21425e-06
0.2 4.35717e-11 1.01667e-10 -9.39573e-07
