0.005 -4.97035e-14
0.01 -1.36294e-13
0.015 -2.26525e-13
0.02 -3.20191e-13
0.025 -4.17077e-13
0.03 -5.16958e-13
0.035 -6.1962e-13
0.04 -7.2485e-13
0.045 -8.32442e-13
0.05 -9.42207e-13
0.055 -1.05396e-12
0.06 -1.16755e-12
0.065 -1.2828e-12
0.07 -1.39956e-12
0.075 -1.51769e-12
0.08 -1.63706e-12
0.085 -1.75755e-12
0.09 -1.87903e-12
0.095 -2.00142e-12
0.1 -2.12461e-12
0.105 -2.24852e-12
0.11 -2.37307e-12
0.115 -2.49818e-12
0.12 -2.62377e-12
0.125 -2.74977e-12
0.13 -2.87611e-12
0.135 -3.00276e-12
0.14 -3.12964e-12
0.145 -3.25673e-12
0.15 -3.38398e-12
0.155 -3.51135e-12
0.16 -3.63879e-12
0.165 -3.76625e-12
0.17 -3.89372e-12
0.175 -4.02116e-12
0.18 -4.14856e-12
0.185 -4.27589e-12
0.19 -4.40314e-12
0.195 -4.5303e-12
0.2 -4.65734e-12
