

         OpenSees -- Open System For Earthquake Engineering Simulation
                 Pacific Earthquake Engineering Research Center
        Version 3.8.0 64-Bit (6e55293513192aa05c7e1205e66a5a1a1ed088c4)

      (c) Copyright 1999-2016 The Regents of the University of California
                              All Rights Reserved
  (Copyright and Disclaimer @ http://www.berkeley.edu/OpenSees/copyright.html)


PM4Sand nDmaterial - Written: L.Chen, P.Arduino, U.Washington
PM4Silt nDmaterial - Written: L.Chen, P.Arduino, U.Washington
1 initialize
1 initialize
1 initialize
1 initialize
1 initialize
1 initialize
1 initialize
1 initialize
1 initialize
1 initialize
1 initialize
1 initialize
1 initialize
1 initialize
1 initialize
1 initialize
1 initialize
1 initialize
1 initialize
1 initialize
1 initialize
1 initialize
1 initialize
1 initialize
1 initialize
1 initialize
1 initialize
1 initialize
1 initialize
1 initialize
1 initialize
1 initialize
1 initialize
1 initialize
1 initialize
1 initialize
2 initialize
2 initialize
2 initialize
2 initialize
2 initialize
2 initialize
2 initialize
2 initialize
2 initialize
2 initialize
2 initialize
2 initialize
2 initialize
2 initialize
2 initialize
2 initialize
2 initialize
2 initialize
2 initialize
2 initialize
2 initialize
2 initialize
2 initialize
2 initialize
2 initialize
2 initialize
2 initialize
2 initialize
2 initialize
2 initialize
2 initialize
2 initialize
2 initialize
2 initialize
2 initialize
2 initialize
2 initialize
2 initialize
2 initialize
2 initialize
OpenSees run complete
