0.005 1.2125855072463768e-15
0.01 3.3264057971014492e-15
0.015 5.393942028985507e-15
0.02 7.415942028985508e-15
0.025 9.393391304347826e-15
0.03 1.1327652173913044e-14
0.035 1.3220115942028984e-14
0.04 1.5072289855072463e-14
0.045 1.688568115942029e-14
0.05 1.866191304347826e-14
0.055 2.0402550724637683e-14
0.06 2.210910144927536e-14
0.065 2.3783130434782608e-14
0.07 2.542591304347826e-14
0.075 2.7038956521739128e-14
0.08 2.8623536231884057e-14
0.085 3.01808115942029e-14
0.09 3.171205797101449e-14
0.095 3.3218318840579714e-14
0.1 3.4700869565217395e-14
0.105 3.6160521739130434e-14
0.11 3.759814492753623e-14
0.115 3.901478260869566e-14
0.12 4.04111884057971e-14
0.125 4.1788173913043476e-14
0.13 4.314649275362319e-14
0.135 4.448689855072464e-14
0.14 4.580997101449275e-14
0.145 4.7116463768115944e-14
0.15 4.840689855072464e-14
0.155 4.9681913043478263e-14
0.16 5.094197101449275e-14
0.165 5.218765217391304e-14
0.17 5.3419304347826084e-14
0.175 5.463744927536232e-14
0.18 5.584255072463768e-14
0.185 5.703495652173912e-14
0.19 5.821507246376811e-14
0.195 5.938318840579711e-14
0.2 6.053971014492753e-14
